client_app/build/app/intermediates/manifest_merge_blame_file/debug/manifest-merger-blame-debug-report.txt
1<?xml version="1.0" encoding="utf-8"?>
2<manifest xmlns:android="http://schemas.android.com/apk/res/android"
3    package="com.nankai.flutter_nearby_connections_example"
4    android:versionCode="1"
5    android:versionName="1.0" >
6
7    <uses-sdk
8        android:minSdkVersion="16"
9        android:targetSdkVersion="31" />
10    <!--
11         Flutter needs it to communicate with the running application
12         to allow setting breakpoints, to provide hot reload, etc.
13    -->
14    <uses-permission android:name="android.permission.INTERNET" />
14-->src/debug/AndroidManifest.xml:6:5-66
14-->src/debug/AndroidManifest.xml:6:22-64
15    <uses-permission android:name="android.permission.BLUETOOTH" />
15-->[:flutter_nearby_connections] AndroidManifest.xml:7:5-68
15-->[:flutter_nearby_connections] AndroidManifest.xml:7:22-65
16    <uses-permission android:name="android.permission.BLUETOOTH_ADMIN" />
16-->[:flutter_nearby_connections] AndroidManifest.xml:8:5-74
16-->[:flutter_nearby_connections] AndroidManifest.xml:8:22-71
17    <uses-permission android:name="android.permission.ACCESS_WIFI_STATE" />
17-->[:flutter_nearby_connections] AndroidManifest.xml:9:5-76
17-->[:flutter_nearby_connections] AndroidManifest.xml:9:22-73
18    <uses-permission android:name="android.permission.BROADCAST_STICKY" />
18-->[:flutter_nearby_connections] AndroidManifest.xml:10:5-75
18-->[:flutter_nearby_connections] AndroidManifest.xml:10:22-72
19    <uses-permission android:name="android.permission.CHANGE_WIFI_STATE" />
19-->[:flutter_nearby_connections] AndroidManifest.xml:11:5-76
19-->[:flutter_nearby_connections] AndroidManifest.xml:11:22-73
20    <uses-permission android:name="android.permission.CHANGE_NETWORK_STATE" />
20-->[:flutter_nearby_connections] AndroidManifest.xml:12:5-79
20-->[:flutter_nearby_connections] AndroidManifest.xml:12:22-76
21    <uses-permission android:name="android.permission.ACCESS_NETWORK_STATE" />
21-->[:flutter_nearby_connections] AndroidManifest.xml:14:5-79
21-->[:flutter_nearby_connections] AndroidManifest.xml:14:22-76
22
23    <uses-feature android:name="android.hardware.wifi.direct" />
23-->[:flutter_nearby_connections] AndroidManifest.xml:16:5-65
23-->[:flutter_nearby_connections] AndroidManifest.xml:16:19-62
24
25    <uses-permission android:name="android.permission.ACCESS_COARSE_LOCATION" />
25-->[:flutter_nearby_connections] AndroidManifest.xml:18:5-81
25-->[:flutter_nearby_connections] AndroidManifest.xml:18:22-78
26    <uses-permission android:name="android.permission.ACCESS_FINE_LOCATION" />
26-->[:flutter_nearby_connections] AndroidManifest.xml:19:5-79
26-->[:flutter_nearby_connections] AndroidManifest.xml:19:22-76
27    <uses-permission android:name="android.permission.WAKE_LOCK" />
27-->[:flutter_nearby_connections] AndroidManifest.xml:20:5-68
27-->[:flutter_nearby_connections] AndroidManifest.xml:20:22-65
28    <uses-permission android:name="android.permission.FOREGROUND_SERVICE" />
28-->[:flutter_nearby_connections] AndroidManifest.xml:21:5-77
28-->[:flutter_nearby_connections] AndroidManifest.xml:21:22-74
29
30    <uses-feature android:name="android.hardware.wifi" />
30-->[:wifi_iot] AndroidManifest.xml:7:5-58
30-->[:wifi_iot] AndroidManifest.xml:7:19-55
31
32    <uses-permission android:name="android.permission.WRITE_SETTINGS" />
32-->[:wifi_iot] AndroidManifest.xml:17:5-73
32-->[:wifi_iot] AndroidManifest.xml:17:22-70
33    <!--
34 io.flutter.app.FlutterApplication is an android.app.Application that
35         calls FlutterMain.startInitialization(this); in its onCreate method.
36         In most cases you can leave this as-is, but you if you want to provide
37         additional functionality it is fine to subclass or reimplement
38         FlutterApplication and put your custom class here.
39    -->
40    <application
40-->src/main/AndroidManifest.xml:8:5-46:19
41        android:name="io.flutter.app.FlutterApplication"
41-->src/main/AndroidManifest.xml:9:9-57
42        android:appComponentFactory="androidx.core.app.CoreComponentFactory"
42-->[androidx.core:core:1.8.0-alpha02] AndroidManifest.xml:24:18-86
43        android:debuggable="true"
44        android:icon="@mipmap/ic_launcher"
44-->src/main/AndroidManifest.xml:11:9-43
45        android:label="flutter_nearby_connections_example" >
45-->src/main/AndroidManifest.xml:10:9-59
46        <activity
46-->src/main/AndroidManifest.xml:12:9-40:20
47            android:name="com.nankai.flutter_nearby_connections_example.MainActivity"
47-->src/main/AndroidManifest.xml:13:13-41
48            android:configChanges="orientation|keyboardHidden|keyboard|screenSize|smallestScreenSize|locale|layoutDirection|fontScale|screenLayout|density|uiMode"
48-->src/main/AndroidManifest.xml:16:13-163
49            android:hardwareAccelerated="true"
49-->src/main/AndroidManifest.xml:17:13-47
50            android:launchMode="singleTop"
50-->src/main/AndroidManifest.xml:14:13-43
51            android:theme="@style/LaunchTheme"
51-->src/main/AndroidManifest.xml:15:13-47
52            android:windowSoftInputMode="adjustResize" >
52-->src/main/AndroidManifest.xml:18:13-55
53
54            <!--
55                 Specifies an Android theme to apply to this Activity as soon as
56                 the Android process has started. This theme is visible to the user
57                 while the Flutter UI initializes. After that, this theme continues
58                 to determine the Window background behind the Flutter UI.
59            -->
60            <meta-data
60-->src/main/AndroidManifest.xml:23:13-26:17
61                android:name="io.flutter.embedding.android.NormalTheme"
61-->src/main/AndroidManifest.xml:24:15-70
62                android:resource="@style/NormalTheme" />
62-->src/main/AndroidManifest.xml:25:15-52
63            <!--
64                 Displays an Android View that continues showing the launch screen
65                 Drawable until Flutter paints its first frame, then this splash
66                 screen fades out. A splash screen is useful to avoid any visual
67                 gap between the end of Android's launch screen and the painting of
68                 Flutter's first frame.
69            -->
70            <meta-data
70-->src/main/AndroidManifest.xml:32:13-35:17
71                android:name="io.flutter.embedding.android.SplashScreenDrawable"
71-->src/main/AndroidManifest.xml:33:15-79
72                android:resource="@drawable/launch_background" />
72-->src/main/AndroidManifest.xml:34:15-61
73
74            <intent-filter>
74-->src/main/AndroidManifest.xml:36:13-39:29
75                <action android:name="android.intent.action.MAIN" />
75-->src/main/AndroidManifest.xml:37:17-68
75-->src/main/AndroidManifest.xml:37:25-66
76
77                <category android:name="android.intent.category.LAUNCHER" />
77-->src/main/AndroidManifest.xml:38:17-76
77-->src/main/AndroidManifest.xml:38:27-74
78            </intent-filter>
79        </activity>
80        <!--
81             Don't delete the meta-data below.
82             This is used by the Flutter tool to generate GeneratedPluginRegistrant.java
83        -->
84        <meta-data
84-->src/main/AndroidManifest.xml:43:9-45:33
85            android:name="flutterEmbedding"
85-->src/main/AndroidManifest.xml:44:13-44
86            android:value="2" />
86-->src/main/AndroidManifest.xml:45:13-30
87
88        <service
88-->[:flutter_nearby_connections] AndroidManifest.xml:24:9-27:40
89            android:name="com.nankai.flutter_nearby_connections.NearbyService"
89-->[:flutter_nearby_connections] AndroidManifest.xml:25:13-79
90            android:enabled="true"
90-->[:flutter_nearby_connections] AndroidManifest.xml:26:13-35
91            android:exported="false" />
91-->[:flutter_nearby_connections] AndroidManifest.xml:27:13-37
92
93        <activity
93-->[com.google.android.gms:play-services-base:17.3.0] AndroidManifest.xml:23:9-26:75
94            android:name="com.google.android.gms.common.api.GoogleApiActivity"
94-->[com.google.android.gms:play-services-base:17.3.0] AndroidManifest.xml:24:13-79
95            android:exported="false"
95-->[com.google.android.gms:play-services-base:17.3.0] AndroidManifest.xml:25:13-37
96            android:theme="@android:style/Theme.Translucent.NoTitleBar" />
96-->[com.google.android.gms:play-services-base:17.3.0] AndroidManifest.xml:26:13-72
97
98        <meta-data
98-->[com.google.android.gms:play-services-basement:17.3.0] AndroidManifest.xml:23:9-25:69
99            android:name="com.google.android.gms.version"
99-->[com.google.android.gms:play-services-basement:17.3.0] AndroidManifest.xml:24:13-58
100            android:value="@integer/google_play_services_version" />
100-->[com.google.android.gms:play-services-basement:17.3.0] AndroidManifest.xml:25:13-66
101    </application>
102
103</manifest>